{
  "RSpec": {
    "coverage": {
      "/Users/vaeliwen/sweater-weather/config/environment.rb": {
        "lines": [
          null,
          1,
          null,
          null,
          1
        ]
      },
      "/Users/vaeliwen/sweater-weather/config/application.rb": {
        "lines": [
          1,
          null,
          1,
          null,
          1,
          1,
          1,
          1,
          1,
          1,
          1,
          1,
          null,
          null,
          null,
          null,
          null,
          1,
          null,
          1,
          1,
          null,
          1,
          null,
          null,
          null,
          null,
          null,
          null,
          null,
          null,
          null,
          1,
          null,
          null
        ]
      },
      "/Users/vaeliwen/sweater-weather/config/boot.rb": {
        "lines": [
          1,
          null,
          1,
          1
        ]
      },
      "/Users/vaeliwen/sweater-weather/config/environments/test.rb": {
        "lines": [
          1,
          null,
          null,
          null,
          null,
          null,
          null,
          1,
          null,
          null,
          null,
          null,
          1,
          null,
          null,
          1,
          1,
          null,
          null,
          null,
          null,
          1,
          1,
          null,
          null,
          1,
          null,
          null,
          1,
          null,
          null,
          1,
          null,
          1,
          null,
          null,
          null,
          null,
          1,
          null,
          null,
          1,
          null,
          null,
          null,
          null
        ]
      },
      "/Users/vaeliwen/sweater-weather/config/initializers/application_controller_renderer.rb": {
        "lines": [
          null,
          null,
          null,
          null,
          null,
          null,
          null,
          null
        ]
      },
      "/Users/vaeliwen/sweater-weather/config/initializers/backtrace_silencers.rb": {
        "lines": [
          null,
          null,
          null,
          null,
          null,
          null,
          null
        ]
      },
      "/Users/vaeliwen/sweater-weather/config/initializers/cors.rb": {
        "lines": [
          null,
          null,
          null,
          null,
          null,
          null,
          null,
          null,
          null,
          null,
          null,
          null,
          null,
          null,
          null,
          null
        ]
      },
      "/Users/vaeliwen/sweater-weather/config/initializers/filter_parameter_logging.rb": {
        "lines": [
          null,
          null,
          null,
          1
        ]
      },
      "/Users/vaeliwen/sweater-weather/config/initializers/inflections.rb": {
        "lines": [
          null,
          null,
          null,
          null,
          null,
          null,
          null,
          null,
          null,
          null,
          null,
          null,
          null,
          null,
          null,
          null
        ]
      },
      "/Users/vaeliwen/sweater-weather/config/initializers/mime_types.rb": {
        "lines": [
          null,
          null,
          null,
          null
        ]
      },
      "/Users/vaeliwen/sweater-weather/config/initializers/wrap_parameters.rb": {
        "lines": [
          null,
          null,
          null,
          null,
          null,
          null,
          1,
          2,
          null,
          null,
          null,
          null,
          null,
          null
        ]
      },
      "/Users/vaeliwen/sweater-weather/config/routes.rb": {
        "lines": [
          1,
          null,
          null,
          1,
          1,
          1,
          1,
          1,
          1,
          1,
          null,
          null,
          null
        ]
      },
      "/Users/vaeliwen/sweater-weather/spec/support/api_helpers.rb": {
        "lines": [
          1,
          1,
          48,
          null,
          null
        ]
      },
      "/Users/vaeliwen/sweater-weather/spec/support/factory_bot.rb": {
        "lines": [
          1,
          1,
          null
        ]
      },
      "/Users/vaeliwen/sweater-weather/spec/facades/weather_facade_spec.rb": {
        "lines": [
          1,
          null,
          1,
          null,
          1,
          1,
          1,
          1,
          null,
          null,
          null,
          null,
          null,
          null,
          null,
          null,
          1,
          1,
          null,
          null,
          null,
          null,
          null,
          null,
          null,
          null,
          1,
          null,
          1,
          1,
          1,
          1,
          1,
          1,
          1,
          1,
          1,
          1,
          1,
          1,
          1,
          1,
          1,
          1,
          1,
          1,
          1,
          1,
          1,
          1,
          null,
          null
        ]
      },
      "/Users/vaeliwen/sweater-weather/spec/models/user_spec.rb": {
        "lines": [
          1,
          null,
          1,
          null,
          1,
          2,
          2,
          2,
          null,
          null,
          null
        ]
      },
      "/Users/vaeliwen/sweater-weather/app/models/user.rb": {
        "lines": [
          1,
          1,
          1,
          null,
          1,
          null
        ]
      },
      "/Users/vaeliwen/sweater-weather/app/models/application_record.rb": {
        "lines": [
          1,
          1,
          null
        ]
      },
      "/Users/vaeliwen/sweater-weather/spec/poros/seconds_to_hours_spec.rb": {
        "lines": [

        ]
      },
      "/Users/vaeliwen/sweater-weather/spec/requests/backgrounds/backgrounds_requests_spec.rb": {
        "lines": [
          1,
          null,
          1,
          null,
          1,
          1,
          1,
          1,
          1,
          null,
          null,
          null,
          null,
          null,
          null,
          null,
          null,
          1,
          1,
          1,
          1,
          null,
          null,
          null
        ]
      },
      "/Users/vaeliwen/sweater-weather/spec/requests/road_trips/road_trip_request_spec.rb": {
        "lines": [
          1,
          null,
          1,
          1,
          1,
          1,
          3,
          3,
          3,
          null,
          null,
          null,
          null,
          null,
          null,
          null,
          null,
          3,
          3,
          null,
          null,
          null,
          null,
          null,
          null,
          null,
          null,
          3,
          null,
          null,
          null,
          null,
          null,
          null,
          1,
          1,
          null,
          null,
          1,
          1,
          1,
          1,
          1,
          1,
          1,
          1,
          null,
          null,
          1,
          1,
          null,
          null,
          null,
          null,
          null,
          null,
          null,
          null
        ]
      },
      "/Users/vaeliwen/sweater-weather/spec/requests/sessions/sessions_requests_spec.rb": {
        "lines": [
          1,
          1,
          1,
          null,
          1,
          1,
          2,
          2,
          null,
          null,
          null,
          null,
          1,
          1,
          1,
          1,
          null,
          null,
          1,
          1,
          null,
          null,
          null,
          1,
          null,
          1,
          null,
          null,
          null,
          1,
          null,
          null,
          null
        ]
      },
      "/Users/vaeliwen/sweater-weather/spec/requests/users/users_requests_spec.rb": {
        "lines": [
          1,
          null,
          1,
          null,
          1,
          1,
          1,
          3,
          null,
          null,
          null,
          null,
          null,
          null,
          null,
          1,
          1,
          null,
          null,
          1,
          1,
          null,
          null,
          1,
          1,
          1,
          1,
          null,
          null,
          null,
          null
        ]
      },
      "/Users/vaeliwen/sweater-weather/spec/requests/weather/get_weather_requests_spec.rb": {
        "lines": [
          1,
          null,
          1,
          1,
          1,
          null,
          1,
          7,
          7,
          7,
          null,
          null,
          null,
          null,
          null,
          null,
          null,
          null,
          7,
          7,
          null,
          null,
          null,
          null,
          null,
          null,
          null,
          null,
          7,
          null,
          null,
          1,
          1,
          1,
          null,
          null,
          1,
          1,
          1,
          null,
          null,
          1,
          1,
          null,
          null,
          1,
          1,
          1,
          1,
          1,
          1,
          1,
          1,
          1,
          1,
          1,
          null,
          null,
          1,
          1,
          1,
          1,
          1,
          1,
          1,
          1,
          1,
          1,
          1,
          1,
          1,
          1,
          1,
          null,
          null,
          1,
          1,
          1,
          1,
          1,
          1,
          1,
          1,
          1,
          null,
          null,
          null,
          null,
          null,
          1,
          1,
          1,
          1,
          null,
          null,
          null,
          null,
          null
        ]
      },
      "/Users/vaeliwen/sweater-weather/spec/services/image_service_spec.rb": {
        "lines": [
          1,
          null,
          1,
          1,
          1,
          1,
          1,
          null,
          null,
          null,
          null,
          null,
          null,
          null,
          null,
          1,
          null,
          1,
          1,
          null,
          null
        ]
      },
      "/Users/vaeliwen/sweater-weather/spec/services/mapquest_service_spec.rb": {
        "lines": [
          1,
          null,
          1,
          null,
          1,
          1,
          1,
          null,
          null,
          null,
          null,
          null,
          null,
          null,
          null,
          1,
          1,
          1,
          null,
          null,
          1,
          1,
          1,
          null,
          null,
          null,
          null,
          null,
          null,
          null,
          null,
          1,
          null,
          1,
          1,
          1,
          1,
          null,
          null,
          1,
          1,
          null,
          null,
          null,
          null,
          null,
          null,
          null,
          null,
          1,
          null,
          1,
          null,
          null
        ]
      },
      "/Users/vaeliwen/sweater-weather/spec/services/weather_service_spec.rb": {
        "lines": [
          1,
          null,
          1,
          1,
          1,
          1,
          1,
          null,
          null,
          null,
          null,
          null,
          null,
          null,
          null,
          null,
          null,
          1,
          null,
          1,
          1,
          1,
          1,
          1,
          1,
          1,
          1,
          1,
          1,
          1,
          1,
          1,
          1,
          1,
          1,
          1,
          1,
          1,
          1,
          1,
          1,
          null,
          null,
          1,
          1,
          1,
          1,
          null,
          null,
          null,
          null,
          null,
          null,
          null,
          null,
          1,
          null,
          1,
          1,
          null,
          1,
          1,
          1,
          null,
          1,
          1,
          null,
          null,
          null
        ]
      },
      "/Users/vaeliwen/sweater-weather/app/facades/road_trip_facade.rb": {
        "lines": [
          1,
          null,
          1,
          4,
          4,
          null,
          4,
          null,
          null,
          null,
          null,
          null
        ]
      },
      "/Users/vaeliwen/sweater-weather/app/services/mapquest_service.rb": {
        "lines": [
          1,
          1,
          9,
          null,
          9,
          null,
          null,
          1,
          6,
          null,
          6,
          null,
          6,
          null,
          5,
          null,
          null,
          null,
          null,
          null,
          null,
          null,
          1,
          null,
          null,
          null,
          1,
          15,
          null,
          null,
          null,
          null
        ]
      },
      "/Users/vaeliwen/sweater-weather/app/services/weather_service.rb": {
        "lines": [
          1,
          1,
          9,
          null,
          9,
          null,
          null,
          1,
          7,
          null,
          7,
          null,
          7,
          null,
          5,
          null,
          null,
          2,
          null,
          1,
          null,
          null,
          null,
          1,
          null,
          null,
          null,
          1,
          16,
          null,
          null
        ]
      },
      "/Users/vaeliwen/sweater-weather/app/facades/weather_facade.rb": {
        "lines": [
          1,
          1,
          8,
          8,
          null,
          null,
          null
        ]
      },
      "/Users/vaeliwen/sweater-weather/app/controllers/api/v1/backgrounds_controller.rb": {
        "lines": [
          1,
          null,
          1,
          1,
          1,
          null,
          null
        ]
      },
      "/Users/vaeliwen/sweater-weather/app/controllers/application_controller.rb": {
        "lines": [
          1,
          null
        ]
      },
      "/Users/vaeliwen/sweater-weather/app/services/background_service.rb": {
        "lines": [
          1,
          null,
          1,
          2,
          null,
          2,
          null,
          2,
          null,
          null,
          1,
          2,
          null,
          null
        ]
      },
      "/Users/vaeliwen/sweater-weather/app/serializers/background_serializer.rb": {
        "lines": [
          1,
          null,
          1,
          null,
          1,
          null,
          null,
          null,
          null,
          null,
          null,
          null,
          null,
          null,
          null,
          null,
          null,
          null
        ]
      },
      "/Users/vaeliwen/sweater-weather/app/controllers/api/v1/road_trip_controller.rb": {
        "lines": [
          1,
          null,
          1,
          4,
          3,
          3,
          null,
          1,
          null,
          null,
          null,
          null
        ]
      },
      "/Users/vaeliwen/sweater-weather/app/serializers/road_trip_serializer.rb": {
        "lines": [
          1,
          null,
          1,
          null,
          3,
          null,
          null,
          null,
          null,
          null,
          null,
          null,
          null,
          null,
          null,
          null,
          null,
          null,
          null,
          null
        ]
      },
      "/Users/vaeliwen/sweater-weather/app/controllers/api/v1/sessions_controller.rb": {
        "lines": [
          1,
          null,
          1,
          4,
          4,
          1,
          3,
          2,
          null,
          1,
          null,
          null,
          null
        ]
      },
      "/Users/vaeliwen/sweater-weather/app/serializers/user_serializer.rb": {
        "lines": [
          1,
          1,
          1,
          1,
          1,
          null
        ]
      },
      "/Users/vaeliwen/sweater-weather/app/controllers/api/v1/users_controller.rb": {
        "lines": [
          1,
          1,
          null,
          1,
          3,
          3,
          null,
          null
        ]
      },
      "/Users/vaeliwen/sweater-weather/app/controllers/api/v1/weather_controller.rb": {
        "lines": [
          1,
          null,
          1,
          8,
          7,
          7,
          null,
          1,
          null,
          null,
          null
        ]
      },
      "/Users/vaeliwen/sweater-weather/app/serializers/forecast_serializer.rb": {
        "lines": [
          1,
          null,
          1,
          null,
          7,
          null,
          null,
          null,
          null,
          null,
          null,
          null,
          null,
          null,
          null,
          null,
          null,
          null,
          null,
          null,
          null,
          null,
          35,
          null,
          null,
          null,
          null,
          null,
          null,
          null,
          null,
          null,
          null,
          56,
          null,
          null,
          null,
          null,
          null,
          null,
          null,
          null,
          null,
          null,
          null
        ]
      }
    },
    "timestamp": 1655301733
  }
}
